[2021-07-14 07:27:24] production.ERROR: file_get_contents(D:\xampp\htdocs\phpc\bulk-upload\.env): failed to open stream: No such file or directory {"exception":"[object] (ErrorException(code: 0): file_get_contents(D:\\xampp\\htdocs\\phpc\\bulk-upload\\.env): failed to open stream: No such file or directory at D:\\xampp\\htdocs\\phpc\\bulk-upload\\vendor\\laravel\\framework\\src\\Illuminate\\Foundation\\Console\\KeyGenerateCommand.php:96)
[stacktrace]
#0 [internal function]: Illuminate\\Foundation\\Bootstrap\\HandleExceptions->handleError(2, 'file_get_conten...', 'D:\\\\xampp\\\\htdocs...', 96, Array)
#1 D:\\xampp\\htdocs\\phpc\\bulk-upload\\vendor\\laravel\\framework\\src\\Illuminate\\Foundation\\Console\\KeyGenerateCommand.php(96): file_get_contents('D:\\\\xampp\\\\htdocs...')
#2 D:\\xampp\\htdocs\\phpc\\bulk-upload\\vendor\\laravel\\framework\\src\\Illuminate\\Foundation\\Console\\KeyGenerateCommand.php(80): Illuminate\\Foundation\\Console\\KeyGenerateCommand->writeNewEnvironmentFileWith('base64:qLz5LJPO...')
#3 D:\\xampp\\htdocs\\phpc\\bulk-upload\\vendor\\laravel\\framework\\src\\Illuminate\\Foundation\\Console\\KeyGenerateCommand.php(45): Illuminate\\Foundation\\Console\\KeyGenerateCommand->setKeyInEnvironmentFile('base64:qLz5LJPO...')
#4 [internal function]: Illuminate\\Foundation\\Console\\KeyGenerateCommand->handle()
#5 D:\\xampp\\htdocs\\phpc\\bulk-upload\\vendor\\laravel\\framework\\src\\Illuminate\\Container\\BoundMethod.php(32): call_user_func_array(Array, Array)
#6 D:\\xampp\\htdocs\\phpc\\bulk-upload\\vendor\\laravel\\framework\\src\\Illuminate\\Container\\BoundMethod.php(90): Illuminate\\Container\\BoundMethod::Illuminate\\Container\\{closure}()
#7 D:\\xampp\\htdocs\\phpc\\bulk-upload\\vendor\\laravel\\framework\\src\\Illuminate\\Container\\BoundMethod.php(34): Illuminate\\Container\\BoundMethod::callBoundMethod(Object(Illuminate\\Foundation\\Application), Array, Object(Closure))
#8 D:\\xampp\\htdocs\\phpc\\bulk-upload\\vendor\\laravel\\framework\\src\\Illuminate\\Container\\Container.php(576): Illuminate\\Container\\BoundMethod::call(Object(Illuminate\\Foundation\\Application), Array, Array, NULL)
#9 D:\\xampp\\htdocs\\phpc\\bulk-upload\\vendor\\laravel\\framework\\src\\Illuminate\\Console\\Command.php(183): Illuminate\\Container\\Container->call(Array)
#10 D:\\xampp\\htdocs\\phpc\\bulk-upload\\vendor\\symfony\\console\\Command\\Command.php(255): Illuminate\\Console\\Command->execute(Object(Symfony\\Component\\Console\\Input\\ArgvInput), Object(Illuminate\\Console\\OutputStyle))
#11 D:\\xampp\\htdocs\\phpc\\bulk-upload\\vendor\\laravel\\framework\\src\\Illuminate\\Console\\Command.php(170): Symfony\\Component\\Console\\Command\\Command->run(Object(Symfony\\Component\\Console\\Input\\ArgvInput), Object(Illuminate\\Console\\OutputStyle))
#12 D:\\xampp\\htdocs\\phpc\\bulk-upload\\vendor\\symfony\\console\\Application.php(1009): Illuminate\\Console\\Command->run(Object(Symfony\\Component\\Console\\Input\\ArgvInput), Object(Symfony\\Component\\Console\\Output\\ConsoleOutput))
#13 D:\\xampp\\htdocs\\phpc\\bulk-upload\\vendor\\symfony\\console\\Application.php(273): Symfony\\Component\\Console\\Application->doRunCommand(Object(Illuminate\\Foundation\\Console\\KeyGenerateCommand), Object(Symfony\\Component\\Console\\Input\\ArgvInput), Object(Symfony\\Component\\Console\\Output\\ConsoleOutput))
#14 D:\\xampp\\htdocs\\phpc\\bulk-upload\\vendor\\symfony\\console\\Application.php(149): Symfony\\Component\\Console\\Application->doRun(Object(Symfony\\Component\\Console\\Input\\ArgvInput), Object(Symfony\\Component\\Console\\Output\\ConsoleOutput))
#15 D:\\xampp\\htdocs\\phpc\\bulk-upload\\vendor\\laravel\\framework\\src\\Illuminate\\Console\\Application.php(90): Symfony\\Component\\Console\\Application->run(Object(Symfony\\Component\\Console\\Input\\ArgvInput), Object(Symfony\\Component\\Console\\Output\\ConsoleOutput))
#16 D:\\xampp\\htdocs\\phpc\\bulk-upload\\vendor\\laravel\\framework\\src\\Illuminate\\Foundation\\Console\\Kernel.php(133): Illuminate\\Console\\Application->run(Object(Symfony\\Component\\Console\\Input\\ArgvInput), Object(Symfony\\Component\\Console\\Output\\ConsoleOutput))
#17 D:\\xampp\\htdocs\\phpc\\bulk-upload\\artisan(37): Illuminate\\Foundation\\Console\\Kernel->handle(Object(Symfony\\Component\\Console\\Input\\ArgvInput), Object(Symfony\\Component\\Console\\Output\\ConsoleOutput))
#18 {main}
"} 
[2021-07-14 07:35:17] local.ERROR: SQLSTATE[42S22]: Column not found: 1054 Unknown column 'remember_token' in 'field list' (SQL: update `security_users` set `remember_token` = g1fDVtyFsQV93t97wiMQtjhYd7C7RnJpnK4jfYYoAZXeQ1PLVvgEecEnwhOI where `id` = 1) {"userId":1,"exception":"[object] (Illuminate\\Database\\QueryException(code: 42S22): SQLSTATE[42S22]: Column not found: 1054 Unknown column 'remember_token' in 'field list' (SQL: update `security_users` set `remember_token` = g1fDVtyFsQV93t97wiMQtjhYd7C7RnJpnK4jfYYoAZXeQ1PLVvgEecEnwhOI where `id` = 1) at D:\\xampp\\htdocs\\phpc\\bulk-upload\\vendor\\laravel\\framework\\src\\Illuminate\\Database\\Connection.php:664, Doctrine\\DBAL\\Driver\\PDO\\Exception(code: 42S22): SQLSTATE[42S22]: Column not found: 1054 Unknown column 'remember_token' in 'field list' at D:\\xampp\\htdocs\\phpc\\bulk-upload\\vendor\\doctrine\\dbal\\lib\\Doctrine\\DBAL\\Driver\\PDO\\Exception.php:18, PDOException(code: 42S22): SQLSTATE[42S22]: Column not found: 1054 Unknown column 'remember_token' in 'field list' at D:\\xampp\\htdocs\\phpc\\bulk-upload\\vendor\\doctrine\\dbal\\lib\\Doctrine\\DBAL\\Driver\\PDOStatement.php:112)
[stacktrace]
#0 D:\\xampp\\htdocs\\phpc\\bulk-upload\\vendor\\laravel\\framework\\src\\Illuminate\\Database\\Connection.php(624): Illuminate\\Database\\Connection->runQueryCallback('update `securit...', Array, Object(Closure))
#1 D:\\xampp\\htdocs\\phpc\\bulk-upload\\vendor\\laravel\\framework\\src\\Illuminate\\Database\\Connection.php(490): Illuminate\\Database\\Connection->run('update `securit...', Array, Object(Closure))
#2 D:\\xampp\\htdocs\\phpc\\bulk-upload\\vendor\\laravel\\framework\\src\\Illuminate\\Database\\Connection.php(423): Illuminate\\Database\\Connection->affectingStatement('update `securit...', Array)
#3 D:\\xampp\\htdocs\\phpc\\bulk-upload\\vendor\\laravel\\framework\\src\\Illuminate\\Database\\Query\\Builder.php(2721): Illuminate\\Database\\Connection->update('update `securit...', Array)
#4 D:\\xampp\\htdocs\\phpc\\bulk-upload\\vendor\\laravel\\framework\\src\\Illuminate\\Database\\Eloquent\\Builder.php(820): Illuminate\\Database\\Query\\Builder->update(Array)
#5 D:\\xampp\\htdocs\\phpc\\bulk-upload\\vendor\\laravel\\framework\\src\\Illuminate\\Database\\Eloquent\\Model.php(745): Illuminate\\Database\\Eloquent\\Builder->update(Array)
#6 D:\\xampp\\htdocs\\phpc\\bulk-upload\\vendor\\laravel\\framework\\src\\Illuminate\\Database\\Eloquent\\Model.php(660): Illuminate\\Database\\Eloquent\\Model->performUpdate(Object(Illuminate\\Database\\Eloquent\\Builder))
#7 D:\\xampp\\htdocs\\phpc\\bulk-upload\\vendor\\laravel\\framework\\src\\Illuminate\\Auth\\EloquentUserProvider.php(95): Illuminate\\Database\\Eloquent\\Model->save()
#8 D:\\xampp\\htdocs\\phpc\\bulk-upload\\vendor\\laravel\\framework\\src\\Illuminate\\Auth\\SessionGuard.php(531): Illuminate\\Auth\\EloquentUserProvider->updateRememberToken(Object(App\\Models\\User), 'g1fDVtyFsQV93t9...')
#9 D:\\xampp\\htdocs\\phpc\\bulk-upload\\vendor\\laravel\\framework\\src\\Illuminate\\Auth\\SessionGuard.php(448): Illuminate\\Auth\\SessionGuard->cycleRememberToken(Object(App\\Models\\User))
#10 D:\\xampp\\htdocs\\phpc\\bulk-upload\\vendor\\laravel\\framework\\src\\Illuminate\\Auth\\SessionGuard.php(413): Illuminate\\Auth\\SessionGuard->ensureRememberTokenIsSet(Object(App\\Models\\User))
#11 D:\\xampp\\htdocs\\phpc\\bulk-upload\\vendor\\laravel\\framework\\src\\Illuminate\\Auth\\SessionGuard.php(355): Illuminate\\Auth\\SessionGuard->login(Object(App\\Models\\User), true)
#12 D:\\xampp\\htdocs\\phpc\\bulk-upload\\vendor\\laravel\\framework\\src\\Illuminate\\Foundation\\Auth\\AuthenticatesUsers.php(82): Illuminate\\Auth\\SessionGuard->attempt(Array, true)
#13 D:\\xampp\\htdocs\\phpc\\bulk-upload\\vendor\\laravel\\framework\\src\\Illuminate\\Foundation\\Auth\\AuthenticatesUsers.php(45): App\\Http\\Controllers\\Auth\\LoginController->attemptLogin(Object(Illuminate\\Http\\Request))
#14 [internal function]: App\\Http\\Controllers\\Auth\\LoginController->login(Object(Illuminate\\Http\\Request))
#15 D:\\xampp\\htdocs\\phpc\\bulk-upload\\vendor\\laravel\\framework\\src\\Illuminate\\Routing\\Controller.php(54): call_user_func_array(Array, Array)
#16 D:\\xampp\\htdocs\\phpc\\bulk-upload\\vendor\\laravel\\framework\\src\\Illuminate\\Routing\\ControllerDispatcher.php(45): Illuminate\\Routing\\Controller->callAction('login', Array)
#17 D:\\xampp\\htdocs\\phpc\\bulk-upload\\vendor\\laravel\\framework\\src\\Illuminate\\Routing\\Route.php(219): Illuminate\\Routing\\ControllerDispatcher->dispatch(Object(Illuminate\\Routing\\Route), Object(App\\Http\\Controllers\\Auth\\LoginController), 'login')
#18 D:\\xampp\\htdocs\\phpc\\bulk-upload\\vendor\\laravel\\framework\\src\\Illuminate\\Routing\\Route.php(176): Illuminate\\Routing\\Route->runController()
#19 D:\\xampp\\htdocs\\phpc\\bulk-upload\\vendor\\laravel\\framework\\src\\Illuminate\\Routing\\Router.php(680): Illuminate\\Routing\\Route->run()
#20 D:\\xampp\\htdocs\\phpc\\bulk-upload\\vendor\\laravel\\framework\\src\\Illuminate\\Routing\\Pipeline.php(30): Illuminate\\Routing\\Router->Illuminate\\Routing\\{closure}(Object(Illuminate\\Http\\Request))
#21 D:\\xampp\\htdocs\\phpc\\bulk-upload\\app\\Http\\Middleware\\RedirectIfAuthenticated.php(24): Illuminate\\Routing\\Pipeline->Illuminate\\Routing\\{closure}(Object(Illuminate\\Http\\Request))
#22 D:\\xampp\\htdocs\\phpc\\bulk-upload\\vendor\\laravel\\framework\\src\\Illuminate\\Pipeline\\Pipeline.php(163): App\\Http\\Middleware\\RedirectIfAuthenticated->handle(Object(Illuminate\\Http\\Request), Object(Closure))
#23 D:\\xampp\\htdocs\\phpc\\bulk-upload\\vendor\\laravel\\framework\\src\\Illuminate\\Routing\\Pipeline.php(53): Illuminate\\Pipeline\\Pipeline->Illuminate\\Pipeline\\{closure}(Object(Illuminate\\Http\\Request))
#24 D:\\xampp\\htdocs\\phpc\\bulk-upload\\vendor\\laravel\\framework\\src\\Illuminate\\Routing\\Middleware\\SubstituteBindings.php(41): Illuminate\\Routing\\Pipeline->Illuminate\\Routing\\{closure}(Object(Illuminate\\Http\\Request))
#25 D:\\xampp\\htdocs\\phpc\\bulk-upload\\vendor\\laravel\\framework\\src\\Illuminate\\Pipeline\\Pipeline.php(163): Illuminate\\Routing\\Middleware\\SubstituteBindings->handle(Object(Illuminate\\Http\\Request), Object(Closure))
#26 D:\\xampp\\htdocs\\phpc\\bulk-upload\\vendor\\laravel\\framework\\src\\Illuminate\\Routing\\Pipeline.php(53): Illuminate\\Pipeline\\Pipeline->Illuminate\\Pipeline\\{closure}(Object(Illuminate\\Http\\Request))
#27 D:\\xampp\\htdocs\\phpc\\bulk-upload\\vendor\\laravel\\framework\\src\\Illuminate\\View\\Middleware\\ShareErrorsFromSession.php(49): Illuminate\\Routing\\Pipeline->Illuminate\\Routing\\{closure}(Object(Illuminate\\Http\\Request))
#28 D:\\xampp\\htdocs\\phpc\\bulk-upload\\vendor\\laravel\\framework\\src\\Illuminate\\Pipeline\\Pipeline.php(163): Illuminate\\View\\Middleware\\ShareErrorsFromSession->handle(Object(Illuminate\\Http\\Request), Object(Closure))
#29 D:\\xampp\\htdocs\\phpc\\bulk-upload\\vendor\\laravel\\framework\\src\\Illuminate\\Routing\\Pipeline.php(53): Illuminate\\Pipeline\\Pipeline->Illuminate\\Pipeline\\{closure}(Object(Illuminate\\Http\\Request))
#30 D:\\xampp\\htdocs\\phpc\\bulk-upload\\vendor\\laravel\\framework\\src\\Illuminate\\Session\\Middleware\\StartSession.php(56): Illuminate\\Routing\\Pipeline->Illuminate\\Routing\\{closure}(Object(Illuminate\\Http\\Request))
#31 D:\\xampp\\htdocs\\phpc\\bulk-upload\\vendor\\laravel\\framework\\src\\Illuminate\\Pipeline\\Pipeline.php(163): Illuminate\\Session\\Middleware\\StartSession->handle(Object(Illuminate\\Http\\Request), Object(Closure))
#32 D:\\xampp\\htdocs\\phpc\\bulk-upload\\vendor\\laravel\\framework\\src\\Illuminate\\Routing\\Pipeline.php(53): Illuminate\\Pipeline\\Pipeline->Illuminate\\Pipeline\\{closure}(Object(Illuminate\\Http\\Request))
#33 D:\\xampp\\htdocs\\phpc\\bulk-upload\\vendor\\laravel\\framework\\src\\Illuminate\\Cookie\\Middleware\\AddQueuedCookiesToResponse.php(37): Illuminate\\Routing\\Pipeline->Illuminate\\Routing\\{closure}(Object(Illuminate\\Http\\Request))
#34 D:\\xampp\\htdocs\\phpc\\bulk-upload\\vendor\\laravel\\framework\\src\\Illuminate\\Pipeline\\Pipeline.php(163): Illuminate\\Cookie\\Middleware\\AddQueuedCookiesToResponse->handle(Object(Illuminate\\Http\\Request), Object(Closure))
#35 D:\\xampp\\htdocs\\phpc\\bulk-upload\\vendor\\laravel\\framework\\src\\Illuminate\\Routing\\Pipeline.php(53): Illuminate\\Pipeline\\Pipeline->Illuminate\\Pipeline\\{closure}(Object(Illuminate\\Http\\Request))
#36 D:\\xampp\\htdocs\\phpc\\bulk-upload\\vendor\\laravel\\framework\\src\\Illuminate\\Cookie\\Middleware\\EncryptCookies.php(66): Illuminate\\Routing\\Pipeline->Illuminate\\Routing\\{closure}(Object(Illuminate\\Http\\Request))
#37 D:\\xampp\\htdocs\\phpc\\bulk-upload\\vendor\\laravel\\framework\\src\\Illuminate\\Pipeline\\Pipeline.php(163): Illuminate\\Cookie\\Middleware\\EncryptCookies->handle(Object(Illuminate\\Http\\Request), Object(Closure))
#38 D:\\xampp\\htdocs\\phpc\\bulk-upload\\vendor\\laravel\\framework\\src\\Illuminate\\Routing\\Pipeline.php(53): Illuminate\\Pipeline\\Pipeline->Illuminate\\Pipeline\\{closure}(Object(Illuminate\\Http\\Request))
#39 D:\\xampp\\htdocs\\phpc\\bulk-upload\\vendor\\laravel\\framework\\src\\Illuminate\\Pipeline\\Pipeline.php(104): Illuminate\\Routing\\Pipeline->Illuminate\\Routing\\{closure}(Object(Illuminate\\Http\\Request))
#40 D:\\xampp\\htdocs\\phpc\\bulk-upload\\vendor\\laravel\\framework\\src\\Illuminate\\Routing\\Router.php(682): Illuminate\\Pipeline\\Pipeline->then(Object(Closure))
#41 D:\\xampp\\htdocs\\phpc\\bulk-upload\\vendor\\laravel\\framework\\src\\Illuminate\\Routing\\Router.php(657): Illuminate\\Routing\\Router->runRouteWithinStack(Object(Illuminate\\Routing\\Route), Object(Illuminate\\Http\\Request))
#42 D:\\xampp\\htdocs\\phpc\\bulk-upload\\vendor\\laravel\\framework\\src\\Illuminate\\Routing\\Router.php(623): Illuminate\\Routing\\Router->runRoute(Object(Illuminate\\Http\\Request), Object(Illuminate\\Routing\\Route))
#43 D:\\xampp\\htdocs\\phpc\\bulk-upload\\vendor\\laravel\\framework\\src\\Illuminate\\Routing\\Router.php(612): Illuminate\\Routing\\Router->dispatchToRoute(Object(Illuminate\\Http\\Request))
#44 D:\\xampp\\htdocs\\phpc\\bulk-upload\\vendor\\laravel\\framework\\src\\Illuminate\\Foundation\\Http\\Kernel.php(176): Illuminate\\Routing\\Router->dispatch(Object(Illuminate\\Http\\Request))
#45 D:\\xampp\\htdocs\\phpc\\bulk-upload\\vendor\\laravel\\framework\\src\\Illuminate\\Routing\\Pipeline.php(30): Illuminate\\Foundation\\Http\\Kernel->Illuminate\\Foundation\\Http\\{closure}(Object(Illuminate\\Http\\Request))
#46 D:\\xampp\\htdocs\\phpc\\bulk-upload\\vendor\\fideloper\\proxy\\src\\TrustProxies.php(57): Illuminate\\Routing\\Pipeline->Illuminate\\Routing\\{closure}(Object(Illuminate\\Http\\Request))
#47 D:\\xampp\\htdocs\\phpc\\bulk-upload\\vendor\\laravel\\framework\\src\\Illuminate\\Pipeline\\Pipeline.php(163): Fideloper\\Proxy\\TrustProxies->handle(Object(Illuminate\\Http\\Request), Object(Closure))
#48 D:\\xampp\\htdocs\\phpc\\bulk-upload\\vendor\\laravel\\framework\\src\\Illuminate\\Routing\\Pipeline.php(53): Illuminate\\Pipeline\\Pipeline->Illuminate\\Pipeline\\{closure}(Object(Illuminate\\Http\\Request))
#49 D:\\xampp\\htdocs\\phpc\\bulk-upload\\vendor\\laravel\\framework\\src\\Illuminate\\Foundation\\Http\\Middleware\\TransformsRequest.php(21): Illuminate\\Routing\\Pipeline->Illuminate\\Routing\\{closure}(Object(Illuminate\\Http\\Request))
#50 D:\\xampp\\htdocs\\phpc\\bulk-upload\\vendor\\laravel\\framework\\src\\Illuminate\\Pipeline\\Pipeline.php(163): Illuminate\\Foundation\\Http\\Middleware\\TransformsRequest->handle(Object(Illuminate\\Http\\Request), Object(Closure))
#51 D:\\xampp\\htdocs\\phpc\\bulk-upload\\vendor\\laravel\\framework\\src\\Illuminate\\Routing\\Pipeline.php(53): Illuminate\\Pipeline\\Pipeline->Illuminate\\Pipeline\\{closure}(Object(Illuminate\\Http\\Request))
#52 D:\\xampp\\htdocs\\phpc\\bulk-upload\\vendor\\laravel\\framework\\src\\Illuminate\\Foundation\\Http\\Middleware\\TransformsRequest.php(21): Illuminate\\Routing\\Pipeline->Illuminate\\Routing\\{closure}(Object(Illuminate\\Http\\Request))
#53 D:\\xampp\\htdocs\\phpc\\bulk-upload\\vendor\\laravel\\framework\\src\\Illuminate\\Pipeline\\Pipeline.php(163): Illuminate\\Foundation\\Http\\Middleware\\TransformsRequest->handle(Object(Illuminate\\Http\\Request), Object(Closure))
#54 D:\\xampp\\htdocs\\phpc\\bulk-upload\\vendor\\laravel\\framework\\src\\Illuminate\\Routing\\Pipeline.php(53): Illuminate\\Pipeline\\Pipeline->Illuminate\\Pipeline\\{closure}(Object(Illuminate\\Http\\Request))
#55 D:\\xampp\\htdocs\\phpc\\bulk-upload\\vendor\\laravel\\framework\\src\\Illuminate\\Foundation\\Http\\Middleware\\ValidatePostSize.php(27): Illuminate\\Routing\\Pipeline->Illuminate\\Routing\\{closure}(Object(Illuminate\\Http\\Request))
#56 D:\\xampp\\htdocs\\phpc\\bulk-upload\\vendor\\laravel\\framework\\src\\Illuminate\\Pipeline\\Pipeline.php(163): Illuminate\\Foundation\\Http\\Middleware\\ValidatePostSize->handle(Object(Illuminate\\Http\\Request), Object(Closure))
#57 D:\\xampp\\htdocs\\phpc\\bulk-upload\\vendor\\laravel\\framework\\src\\Illuminate\\Routing\\Pipeline.php(53): Illuminate\\Pipeline\\Pipeline->Illuminate\\Pipeline\\{closure}(Object(Illuminate\\Http\\Request))
#58 D:\\xampp\\htdocs\\phpc\\bulk-upload\\vendor\\laravel\\framework\\src\\Illuminate\\Foundation\\Http\\Middleware\\CheckForMaintenanceMode.php(62): Illuminate\\Routing\\Pipeline->Illuminate\\Routing\\{closure}(Object(Illuminate\\Http\\Request))
#59 D:\\xampp\\htdocs\\phpc\\bulk-upload\\vendor\\laravel\\framework\\src\\Illuminate\\Pipeline\\Pipeline.php(163): Illuminate\\Foundation\\Http\\Middleware\\CheckForMaintenanceMode->handle(Object(Illuminate\\Http\\Request), Object(Closure))
#60 D:\\xampp\\htdocs\\phpc\\bulk-upload\\vendor\\laravel\\framework\\src\\Illuminate\\Routing\\Pipeline.php(53): Illuminate\\Pipeline\\Pipeline->Illuminate\\Pipeline\\{closure}(Object(Illuminate\\Http\\Request))
#61 D:\\xampp\\htdocs\\phpc\\bulk-upload\\vendor\\laravel\\framework\\src\\Illuminate\\Pipeline\\Pipeline.php(104): Illuminate\\Routing\\Pipeline->Illuminate\\Routing\\{closure}(Object(Illuminate\\Http\\Request))
#62 D:\\xampp\\htdocs\\phpc\\bulk-upload\\vendor\\laravel\\framework\\src\\Illuminate\\Foundation\\Http\\Kernel.php(151): Illuminate\\Pipeline\\Pipeline->then(Object(Closure))
#63 D:\\xampp\\htdocs\\phpc\\bulk-upload\\vendor\\laravel\\framework\\src\\Illuminate\\Foundation\\Http\\Kernel.php(116): Illuminate\\Foundation\\Http\\Kernel->sendRequestThroughRouter(Object(Illuminate\\Http\\Request))
#64 D:\\xampp\\htdocs\\phpc\\bulk-upload\\public\\index.php(55): Illuminate\\Foundation\\Http\\Kernel->handle(Object(Illuminate\\Http\\Request))
#65 D:\\xampp\\htdocs\\phpc\\bulk-upload\\server.php(21): require_once('D:\\\\xampp\\\\htdocs...')
#66 {main}
"} 
[2021-07-14 07:40:25] local.ERROR: Command "make:cammand" is not defined.

Did you mean one of these?
    make:auth
    make:channel
    make:command
    make:controller
    make:event
    make:exception
    make:export
    make:factory
    make:import
    make:job
    make:listener
    make:mail
    make:middleware
    make:migration
    make:model
    make:notification
    make:observer
    make:policy
    make:provider
    make:request
    make:resource
    make:rule
    make:seeder
    make:test {"exception":"[object] (Symfony\\Component\\Console\\Exception\\CommandNotFoundException(code: 0): Command \"make:cammand\" is not defined.

Did you mean one of these?
    make:auth
    make:channel
    make:command
    make:controller
    make:event
    make:exception
    make:export
    make:factory
    make:import
    make:job
    make:listener
    make:mail
    make:middleware
    make:migration
    make:model
    make:notification
    make:observer
    make:policy
    make:provider
    make:request
    make:resource
    make:rule
    make:seeder
    make:test at D:\\xampp\\htdocs\\phpc\\bulk-upload\\vendor\\symfony\\console\\Application.php:676)
[stacktrace]
#0 D:\\xampp\\htdocs\\phpc\\bulk-upload\\vendor\\symfony\\console\\Application.php(237): Symfony\\Component\\Console\\Application->find('make:cammand')
#1 D:\\xampp\\htdocs\\phpc\\bulk-upload\\vendor\\symfony\\console\\Application.php(149): Symfony\\Component\\Console\\Application->doRun(Object(Symfony\\Component\\Console\\Input\\ArgvInput), Object(Symfony\\Component\\Console\\Output\\ConsoleOutput))
#2 D:\\xampp\\htdocs\\phpc\\bulk-upload\\vendor\\laravel\\framework\\src\\Illuminate\\Console\\Application.php(90): Symfony\\Component\\Console\\Application->run(Object(Symfony\\Component\\Console\\Input\\ArgvInput), Object(Symfony\\Component\\Console\\Output\\ConsoleOutput))
#3 D:\\xampp\\htdocs\\phpc\\bulk-upload\\vendor\\laravel\\framework\\src\\Illuminate\\Foundation\\Console\\Kernel.php(133): Illuminate\\Console\\Application->run(Object(Symfony\\Component\\Console\\Input\\ArgvInput), Object(Symfony\\Component\\Console\\Output\\ConsoleOutput))
#4 D:\\xampp\\htdocs\\phpc\\bulk-upload\\artisan(37): Illuminate\\Foundation\\Console\\Kernel->handle(Object(Symfony\\Component\\Console\\Input\\ArgvInput), Object(Symfony\\Component\\Console\\Output\\ConsoleOutput))
#5 {main}
"} 
[2021-07-14 07:42:03] local.ERROR: Command "make:cammand" is not defined.

Did you mean one of these?
    make:auth
    make:channel
    make:command
    make:controller
    make:event
    make:exception
    make:export
    make:factory
    make:import
    make:job
    make:listener
    make:mail
    make:middleware
    make:migration
    make:model
    make:notification
    make:observer
    make:policy
    make:provider
    make:request
    make:resource
    make:rule
    make:seeder
    make:test {"exception":"[object] (Symfony\\Component\\Console\\Exception\\CommandNotFoundException(code: 0): Command \"make:cammand\" is not defined.

Did you mean one of these?
    make:auth
    make:channel
    make:command
    make:controller
    make:event
    make:exception
    make:export
    make:factory
    make:import
    make:job
    make:listener
    make:mail
    make:middleware
    make:migration
    make:model
    make:notification
    make:observer
    make:policy
    make:provider
    make:request
    make:resource
    make:rule
    make:seeder
    make:test at D:\\xampp\\htdocs\\phpc\\bulk-upload\\vendor\\symfony\\console\\Application.php:676)
[stacktrace]
#0 D:\\xampp\\htdocs\\phpc\\bulk-upload\\vendor\\symfony\\console\\Command\\HelpCommand.php(70): Symfony\\Component\\Console\\Application->find('make:cammand')
#1 D:\\xampp\\htdocs\\phpc\\bulk-upload\\vendor\\symfony\\console\\Command\\Command.php(255): Symfony\\Component\\Console\\Command\\HelpCommand->execute(Object(Symfony\\Component\\Console\\Input\\ArgvInput), Object(Symfony\\Component\\Console\\Output\\ConsoleOutput))
#2 D:\\xampp\\htdocs\\phpc\\bulk-upload\\vendor\\symfony\\console\\Application.php(1009): Symfony\\Component\\Console\\Command\\Command->run(Object(Symfony\\Component\\Console\\Input\\ArgvInput), Object(Symfony\\Component\\Console\\Output\\ConsoleOutput))
#3 D:\\xampp\\htdocs\\phpc\\bulk-upload\\vendor\\symfony\\console\\Application.php(273): Symfony\\Component\\Console\\Application->doRunCommand(Object(Symfony\\Component\\Console\\Command\\HelpCommand), Object(Symfony\\Component\\Console\\Input\\ArgvInput), Object(Symfony\\Component\\Console\\Output\\ConsoleOutput))
#4 D:\\xampp\\htdocs\\phpc\\bulk-upload\\vendor\\symfony\\console\\Application.php(149): Symfony\\Component\\Console\\Application->doRun(Object(Symfony\\Component\\Console\\Input\\ArgvInput), Object(Symfony\\Component\\Console\\Output\\ConsoleOutput))
#5 D:\\xampp\\htdocs\\phpc\\bulk-upload\\vendor\\laravel\\framework\\src\\Illuminate\\Console\\Application.php(90): Symfony\\Component\\Console\\Application->run(Object(Symfony\\Component\\Console\\Input\\ArgvInput), Object(Symfony\\Component\\Console\\Output\\ConsoleOutput))
#6 D:\\xampp\\htdocs\\phpc\\bulk-upload\\vendor\\laravel\\framework\\src\\Illuminate\\Foundation\\Console\\Kernel.php(133): Illuminate\\Console\\Application->run(Object(Symfony\\Component\\Console\\Input\\ArgvInput), Object(Symfony\\Component\\Console\\Output\\ConsoleOutput))
#7 D:\\xampp\\htdocs\\phpc\\bulk-upload\\artisan(37): Illuminate\\Foundation\\Console\\Kernel->handle(Object(Symfony\\Component\\Console\\Input\\ArgvInput), Object(Symfony\\Component\\Console\\Output\\ConsoleOutput))
#8 {main}
"} 
[2021-07-14 08:49:11] local.ERROR: Class 'App\Console\Commands\DB' not found {"exception":"[object] (Symfony\\Component\\Debug\\Exception\\FatalThrowableError(code: 0): Class 'App\\Console\\Commands\\DB' not found at D:\\xampp\\htdocs\\phpc\\bulk-upload\\app\\Console\\Commands\\RunAddStudentsToInstitutions.php:40)
[stacktrace]
#0 [internal function]: App\\Console\\Commands\\RunAddStudentsToInstitutions->handle()
#1 D:\\xampp\\htdocs\\phpc\\bulk-upload\\vendor\\laravel\\framework\\src\\Illuminate\\Container\\BoundMethod.php(32): call_user_func_array(Array, Array)
#2 D:\\xampp\\htdocs\\phpc\\bulk-upload\\vendor\\laravel\\framework\\src\\Illuminate\\Container\\BoundMethod.php(90): Illuminate\\Container\\BoundMethod::Illuminate\\Container\\{closure}()
#3 D:\\xampp\\htdocs\\phpc\\bulk-upload\\vendor\\laravel\\framework\\src\\Illuminate\\Container\\BoundMethod.php(34): Illuminate\\Container\\BoundMethod::callBoundMethod(Object(Illuminate\\Foundation\\Application), Array, Object(Closure))
#4 D:\\xampp\\htdocs\\phpc\\bulk-upload\\vendor\\laravel\\framework\\src\\Illuminate\\Container\\Container.php(576): Illuminate\\Container\\BoundMethod::call(Object(Illuminate\\Foundation\\Application), Array, Array, NULL)
#5 D:\\xampp\\htdocs\\phpc\\bulk-upload\\vendor\\laravel\\framework\\src\\Illuminate\\Console\\Command.php(183): Illuminate\\Container\\Container->call(Array)
#6 D:\\xampp\\htdocs\\phpc\\bulk-upload\\vendor\\symfony\\console\\Command\\Command.php(255): Illuminate\\Console\\Command->execute(Object(Symfony\\Component\\Console\\Input\\ArgvInput), Object(Illuminate\\Console\\OutputStyle))
#7 D:\\xampp\\htdocs\\phpc\\bulk-upload\\vendor\\laravel\\framework\\src\\Illuminate\\Console\\Command.php(170): Symfony\\Component\\Console\\Command\\Command->run(Object(Symfony\\Component\\Console\\Input\\ArgvInput), Object(Illuminate\\Console\\OutputStyle))
#8 D:\\xampp\\htdocs\\phpc\\bulk-upload\\vendor\\symfony\\console\\Application.php(1009): Illuminate\\Console\\Command->run(Object(Symfony\\Component\\Console\\Input\\ArgvInput), Object(Symfony\\Component\\Console\\Output\\ConsoleOutput))
#9 D:\\xampp\\htdocs\\phpc\\bulk-upload\\vendor\\symfony\\console\\Application.php(273): Symfony\\Component\\Console\\Application->doRunCommand(Object(App\\Console\\Commands\\RunAddStudentsToInstitutions), Object(Symfony\\Component\\Console\\Input\\ArgvInput), Object(Symfony\\Component\\Console\\Output\\ConsoleOutput))
#10 D:\\xampp\\htdocs\\phpc\\bulk-upload\\vendor\\symfony\\console\\Application.php(149): Symfony\\Component\\Console\\Application->doRun(Object(Symfony\\Component\\Console\\Input\\ArgvInput), Object(Symfony\\Component\\Console\\Output\\ConsoleOutput))
#11 D:\\xampp\\htdocs\\phpc\\bulk-upload\\vendor\\laravel\\framework\\src\\Illuminate\\Console\\Application.php(90): Symfony\\Component\\Console\\Application->run(Object(Symfony\\Component\\Console\\Input\\ArgvInput), Object(Symfony\\Component\\Console\\Output\\ConsoleOutput))
#12 D:\\xampp\\htdocs\\phpc\\bulk-upload\\vendor\\laravel\\framework\\src\\Illuminate\\Foundation\\Console\\Kernel.php(133): Illuminate\\Console\\Application->run(Object(Symfony\\Component\\Console\\Input\\ArgvInput), Object(Symfony\\Component\\Console\\Output\\ConsoleOutput))
#13 D:\\xampp\\htdocs\\phpc\\bulk-upload\\artisan(37): Illuminate\\Foundation\\Console\\Kernel->handle(Object(Symfony\\Component\\Console\\Input\\ArgvInput), Object(Symfony\\Component\\Console\\Output\\ConsoleOutput))
#14 {main}
"} 
[2021-07-14 08:51:39] local.ERROR: Class 'App\Console\Commands\Institution' not found {"exception":"[object] (Symfony\\Component\\Debug\\Exception\\FatalThrowableError(code: 0): Class 'App\\Console\\Commands\\Institution' not found at D:\\xampp\\htdocs\\phpc\\bulk-upload\\app\\Console\\Commands\\RunAddStudentsToInstitutions.php:44)
[stacktrace]
#0 [internal function]: App\\Console\\Commands\\RunAddStudentsToInstitutions->handle()
#1 D:\\xampp\\htdocs\\phpc\\bulk-upload\\vendor\\laravel\\framework\\src\\Illuminate\\Container\\BoundMethod.php(32): call_user_func_array(Array, Array)
#2 D:\\xampp\\htdocs\\phpc\\bulk-upload\\vendor\\laravel\\framework\\src\\Illuminate\\Container\\BoundMethod.php(90): Illuminate\\Container\\BoundMethod::Illuminate\\Container\\{closure}()
#3 D:\\xampp\\htdocs\\phpc\\bulk-upload\\vendor\\laravel\\framework\\src\\Illuminate\\Container\\BoundMethod.php(34): Illuminate\\Container\\BoundMethod::callBoundMethod(Object(Illuminate\\Foundation\\Application), Array, Object(Closure))
#4 D:\\xampp\\htdocs\\phpc\\bulk-upload\\vendor\\laravel\\framework\\src\\Illuminate\\Container\\Container.php(576): Illuminate\\Container\\BoundMethod::call(Object(Illuminate\\Foundation\\Application), Array, Array, NULL)
#5 D:\\xampp\\htdocs\\phpc\\bulk-upload\\vendor\\laravel\\framework\\src\\Illuminate\\Console\\Command.php(183): Illuminate\\Container\\Container->call(Array)
#6 D:\\xampp\\htdocs\\phpc\\bulk-upload\\vendor\\symfony\\console\\Command\\Command.php(255): Illuminate\\Console\\Command->execute(Object(Symfony\\Component\\Console\\Input\\ArgvInput), Object(Illuminate\\Console\\OutputStyle))
#7 D:\\xampp\\htdocs\\phpc\\bulk-upload\\vendor\\laravel\\framework\\src\\Illuminate\\Console\\Command.php(170): Symfony\\Component\\Console\\Command\\Command->run(Object(Symfony\\Component\\Console\\Input\\ArgvInput), Object(Illuminate\\Console\\OutputStyle))
#8 D:\\xampp\\htdocs\\phpc\\bulk-upload\\vendor\\symfony\\console\\Application.php(1009): Illuminate\\Console\\Command->run(Object(Symfony\\Component\\Console\\Input\\ArgvInput), Object(Symfony\\Component\\Console\\Output\\ConsoleOutput))
#9 D:\\xampp\\htdocs\\phpc\\bulk-upload\\vendor\\symfony\\console\\Application.php(273): Symfony\\Component\\Console\\Application->doRunCommand(Object(App\\Console\\Commands\\RunAddStudentsToInstitutions), Object(Symfony\\Component\\Console\\Input\\ArgvInput), Object(Symfony\\Component\\Console\\Output\\ConsoleOutput))
#10 D:\\xampp\\htdocs\\phpc\\bulk-upload\\vendor\\symfony\\console\\Application.php(149): Symfony\\Component\\Console\\Application->doRun(Object(Symfony\\Component\\Console\\Input\\ArgvInput), Object(Symfony\\Component\\Console\\Output\\ConsoleOutput))
#11 D:\\xampp\\htdocs\\phpc\\bulk-upload\\vendor\\laravel\\framework\\src\\Illuminate\\Console\\Application.php(90): Symfony\\Component\\Console\\Application->run(Object(Symfony\\Component\\Console\\Input\\ArgvInput), Object(Symfony\\Component\\Console\\Output\\ConsoleOutput))
#12 D:\\xampp\\htdocs\\phpc\\bulk-upload\\vendor\\laravel\\framework\\src\\Illuminate\\Foundation\\Console\\Kernel.php(133): Illuminate\\Console\\Application->run(Object(Symfony\\Component\\Console\\Input\\ArgvInput), Object(Symfony\\Component\\Console\\Output\\ConsoleOutput))
#13 D:\\xampp\\htdocs\\phpc\\bulk-upload\\artisan(37): Illuminate\\Foundation\\Console\\Kernel->handle(Object(Symfony\\Component\\Console\\Input\\ArgvInput), Object(Symfony\\Component\\Console\\Output\\ConsoleOutput))
#14 {main}
"} 
[2021-07-14 10:05:11] local.ERROR: PDOException: SQLSTATE[23000]: Integrity constraint violation: 1052 Column 'student_id' in on clause is ambiguous in D:\xampp\htdocs\phpc\bulk-upload\vendor\doctrine\dbal\lib\Doctrine\DBAL\Driver\PDOStatement.php:112
Stack trace:
#0 D:\xampp\htdocs\phpc\bulk-upload\vendor\doctrine\dbal\lib\Doctrine\DBAL\Driver\PDOStatement.php(112): PDOStatement->execute(NULL)
#1 D:\xampp\htdocs\phpc\bulk-upload\vendor\laravel\framework\src\Illuminate\Database\Connection.php(330): Doctrine\DBAL\Driver\PDOStatement->execute()
#2 D:\xampp\htdocs\phpc\bulk-upload\vendor\laravel\framework\src\Illuminate\Database\Connection.php(657): Illuminate\Database\Connection->Illuminate\Database\{closure}('select * from `...', Array)
#3 D:\xampp\htdocs\phpc\bulk-upload\vendor\laravel\framework\src\Illuminate\Database\Connection.php(624): Illuminate\Database\Connection->runQueryCallback('select * from `...', Array, Object(Closure))
#4 D:\xampp\htdocs\phpc\bulk-upload\vendor\laravel\framework\src\Illuminate\Database\Connection.php(333): Illuminate\Database\Connection->run('select * from `...', Array, Object(Closure))
#5 D:\xampp\htdocs\phpc\bulk-upload\vendor\laravel\framework\src\Illuminate\Database\Query\Builder.php(2130): Illuminate\Database\Connection->select('select * from `...', Array, true)
#6 D:\xampp\htdocs\phpc\bulk-upload\vendor\laravel\framework\src\Illuminate\Database\Query\Builder.php(2118): Illuminate\Database\Query\Builder->runSelect()
#7 D:\xampp\htdocs\phpc\bulk-upload\vendor\laravel\framework\src\Illuminate\Database\Query\Builder.php(2604): Illuminate\Database\Query\Builder->Illuminate\Database\Query\{closure}()
#8 D:\xampp\htdocs\phpc\bulk-upload\vendor\laravel\framework\src\Illuminate\Database\Query\Builder.php(2119): Illuminate\Database\Query\Builder->onceWithColumns(Array, Object(Closure))
#9 D:\xampp\htdocs\phpc\bulk-upload\app\Console\Commands\RunAddStudentsToInstitutions.php(60): Illuminate\Database\Query\Builder->get()
#10 [internal function]: App\Console\Commands\RunAddStudentsToInstitutions->handle()
#11 D:\xampp\htdocs\phpc\bulk-upload\vendor\laravel\framework\src\Illuminate\Container\BoundMethod.php(32): call_user_func_array(Array, Array)
#12 D:\xampp\htdocs\phpc\bulk-upload\vendor\laravel\framework\src\Illuminate\Container\BoundMethod.php(90): Illuminate\Container\BoundMethod::Illuminate\Container\{closure}()
#13 D:\xampp\htdocs\phpc\bulk-upload\vendor\laravel\framework\src\Illuminate\Container\BoundMethod.php(34): Illuminate\Container\BoundMethod::callBoundMethod(Object(Illuminate\Foundation\Application), Array, Object(Closure))
#14 D:\xampp\htdocs\phpc\bulk-upload\vendor\laravel\framework\src\Illuminate\Container\Container.php(576): Illuminate\Container\BoundMethod::call(Object(Illuminate\Foundation\Application), Array, Array, NULL)
#15 D:\xampp\htdocs\phpc\bulk-upload\vendor\laravel\framework\src\Illuminate\Console\Command.php(183): Illuminate\Container\Container->call(Array)
#16 D:\xampp\htdocs\phpc\bulk-upload\vendor\symfony\console\Command\Command.php(255): Illuminate\Console\Command->execute(Object(Symfony\Component\Console\Input\ArgvInput), Object(Illuminate\Console\OutputStyle))
#17 D:\xampp\htdocs\phpc\bulk-upload\vendor\laravel\framework\src\Illuminate\Console\Command.php(170): Symfony\Component\Console\Command\Command->run(Object(Symfony\Component\Console\Input\ArgvInput), Object(Illuminate\Console\OutputStyle))
#18 D:\xampp\htdocs\phpc\bulk-upload\vendor\symfony\console\Application.php(1009): Illuminate\Console\Command->run(Object(Symfony\Component\Console\Input\ArgvInput), Object(Symfony\Component\Console\Output\ConsoleOutput))
#19 D:\xampp\htdocs\phpc\bulk-upload\vendor\symfony\console\Application.php(273): Symfony\Component\Console\Application->doRunCommand(Object(App\Console\Commands\RunAddStudentsToInstitutions), Object(Symfony\Component\Console\Input\ArgvInput), Object(Symfony\Component\Console\Output\ConsoleOutput))
#20 D:\xampp\htdocs\phpc\bulk-upload\vendor\symfony\console\Application.php(149): Symfony\Component\Console\Application->doRun(Object(Symfony\Component\Console\Input\ArgvInput), Object(Symfony\Component\Console\Output\ConsoleOutput))
#21 D:\xampp\htdocs\phpc\bulk-upload\vendor\laravel\framework\src\Illuminate\Console\Application.php(90): Symfony\Component\Console\Application->run(Object(Symfony\Component\Console\Input\ArgvInput), Object(Symfony\Component\Console\Output\ConsoleOutput))
#22 D:\xampp\htdocs\phpc\bulk-upload\vendor\laravel\framework\src\Illuminate\Foundation\Console\Kernel.php(133): Illuminate\Console\Application->run(Object(Symfony\Component\Console\Input\ArgvInput), Object(Symfony\Component\Console\Output\ConsoleOutput))
#23 D:\xampp\htdocs\phpc\bulk-upload\artisan(37): Illuminate\Foundation\Console\Kernel->handle(Object(Symfony\Component\Console\Input\ArgvInput), Object(Symfony\Component\Console\Output\ConsoleOutput))
#24 {main}

Next Doctrine\DBAL\Driver\PDO\Exception: SQLSTATE[23000]: Integrity constraint violation: 1052 Column 'student_id' in on clause is ambiguous in D:\xampp\htdocs\phpc\bulk-upload\vendor\doctrine\dbal\lib\Doctrine\DBAL\Driver\PDO\Exception.php:18
Stack trace:
#0 D:\xampp\htdocs\phpc\bulk-upload\vendor\doctrine\dbal\lib\Doctrine\DBAL\Driver\PDOStatement.php(114): Doctrine\DBAL\Driver\PDO\Exception::new(Object(PDOException))
#1 D:\xampp\htdocs\phpc\bulk-upload\vendor\laravel\framework\src\Illuminate\Database\Connection.php(330): Doctrine\DBAL\Driver\PDOStatement->execute()
#2 D:\xampp\htdocs\phpc\bulk-upload\vendor\laravel\framework\src\Illuminate\Database\Connection.php(657): Illuminate\Database\Connection->Illuminate\Database\{closure}('select * from `...', Array)
#3 D:\xampp\htdocs\phpc\bulk-upload\vendor\laravel\framework\src\Illuminate\Database\Connection.php(624): Illuminate\Database\Connection->runQueryCallback('select * from `...', Array, Object(Closure))
#4 D:\xampp\htdocs\phpc\bulk-upload\vendor\laravel\framework\src\Illuminate\Database\Connection.php(333): Illuminate\Database\Connection->run('select * from `...', Array, Object(Closure))
#5 D:\xampp\htdocs\phpc\bulk-upload\vendor\laravel\framework\src\Illuminate\Database\Query\Builder.php(2130): Illuminate\Database\Connection->select('select * from `...', Array, true)
#6 D:\xampp\htdocs\phpc\bulk-upload\vendor\laravel\framework\src\Illuminate\Database\Query\Builder.php(2118): Illuminate\Database\Query\Builder->runSelect()
#7 D:\xampp\htdocs\phpc\bulk-upload\vendor\laravel\framework\src\Illuminate\Database\Query\Builder.php(2604): Illuminate\Database\Query\Builder->Illuminate\Database\Query\{closure}()
#8 D:\xampp\htdocs\phpc\bulk-upload\vendor\laravel\framework\src\Illuminate\Database\Query\Builder.php(2119): Illuminate\Database\Query\Builder->onceWithColumns(Array, Object(Closure))
#9 D:\xampp\htdocs\phpc\bulk-upload\app\Console\Commands\RunAddStudentsToInstitutions.php(60): Illuminate\Database\Query\Builder->get()
#10 [internal function]: App\Console\Commands\RunAddStudentsToInstitutions->handle()
#11 D:\xampp\htdocs\phpc\bulk-upload\vendor\laravel\framework\src\Illuminate\Container\BoundMethod.php(32): call_user_func_array(Array, Array)
#12 D:\xampp\htdocs\phpc\bulk-upload\vendor\laravel\framework\src\Illuminate\Container\BoundMethod.php(90): Illuminate\Container\BoundMethod::Illuminate\Container\{closure}()
#13 D:\xampp\htdocs\phpc\bulk-upload\vendor\laravel\framework\src\Illuminate\Container\BoundMethod.php(34): Illuminate\Container\BoundMethod::callBoundMethod(Object(Illuminate\Foundation\Application), Array, Object(Closure))
#14 D:\xampp\htdocs\phpc\bulk-upload\vendor\laravel\framework\src\Illuminate\Container\Container.php(576): Illuminate\Container\BoundMethod::call(Object(Illuminate\Foundation\Application), Array, Array, NULL)
#15 D:\xampp\htdocs\phpc\bulk-upload\vendor\laravel\framework\src\Illuminate\Console\Command.php(183): Illuminate\Container\Container->call(Array)
#16 D:\xampp\htdocs\phpc\bulk-upload\vendor\symfony\console\Command\Command.php(255): Illuminate\Console\Command->execute(Object(Symfony\Component\Console\Input\ArgvInput), Object(Illuminate\Console\OutputStyle))
#17 D:\xampp\htdocs\phpc\bulk-upload\vendor\laravel\framework\src\Illuminate\Console\Command.php(170): Symfony\Component\Console\Command\Command->run(Object(Symfony\Component\Console\Input\ArgvInput), Object(Illuminate\Console\OutputStyle))
#18 D:\xampp\htdocs\phpc\bulk-upload\vendor\symfony\console\Application.php(1009): Illuminate\Console\Command->run(Object(Symfony\Component\Console\Input\ArgvInput), Object(Symfony\Component\Console\Output\ConsoleOutput))
#19 D:\xampp\htdocs\phpc\bulk-upload\vendor\symfony\console\Application.php(273): Symfony\Component\Console\Application->doRunCommand(Object(App\Console\Commands\RunAddStudentsToInstitutions), Object(Symfony\Component\Console\Input\ArgvInput), Object(Symfony\Component\Console\Output\ConsoleOutput))
#20 D:\xampp\htdocs\phpc\bulk-upload\vendor\symfony\console\Application.php(149): Symfony\Component\Console\Application->doRun(Object(Symfony\Component\Console\Input\ArgvInput), Object(Symfony\Component\Console\Output\ConsoleOutput))
#21 D:\xampp\htdocs\phpc\bulk-upload\vendor\laravel\framework\src\Illuminate\Console\Application.php(90): Symfony\Component\Console\Application->run(Object(Symfony\Component\Console\Input\ArgvInput), Object(Symfony\Component\Console\Output\ConsoleOutput))
#22 D:\xampp\htdocs\phpc\bulk-upload\vendor\laravel\framework\src\Illuminate\Foundation\Console\Kernel.php(133): Illuminate\Console\Application->run(Object(Symfony\Component\Console\Input\ArgvInput), Object(Symfony\Component\Console\Output\ConsoleOutput))
#23 D:\xampp\htdocs\phpc\bulk-upload\artisan(37): Illuminate\Foundation\Console\Kernel->handle(Object(Symfony\Component\Console\Input\ArgvInput), Object(Symfony\Component\Console\Output\ConsoleOutput))
#24 {main}

Next Illuminate\Database\QueryException: SQLSTATE[23000]: Integrity constraint violation: 1052 Column 'student_id' in on clause is ambiguous (SQL: select * from `institution_student_admission` inner join `institutions` on `institution_id` = `institutions`.`id` left join `institution_students` on `student_id` = `institution_students`.`student_id` where `status_id` in (121, 122, 123, 124) and `institutions`.`id` = 8853) in D:\xampp\htdocs\phpc\bulk-upload\vendor\laravel\framework\src\Illuminate\Database\Connection.php:664
Stack trace:
#0 D:\xampp\htdocs\phpc\bulk-upload\vendor\laravel\framework\src\Illuminate\Database\Connection.php(624): Illuminate\Database\Connection->runQueryCallback('select * from `...', Array, Object(Closure))
#1 D:\xampp\htdocs\phpc\bulk-upload\vendor\laravel\framework\src\Illuminate\Database\Connection.php(333): Illuminate\Database\Connection->run('select * from `...', Array, Object(Closure))
#2 D:\xampp\htdocs\phpc\bulk-upload\vendor\laravel\framework\src\Illuminate\Database\Query\Builder.php(2130): Illuminate\Database\Connection->select('select * from `...', Array, true)
#3 D:\xampp\htdocs\phpc\bulk-upload\vendor\laravel\framework\src\Illuminate\Database\Query\Builder.php(2118): Illuminate\Database\Query\Builder->runSelect()
#4 D:\xampp\htdocs\phpc\bulk-upload\vendor\laravel\framework\src\Illuminate\Database\Query\Builder.php(2604): Illuminate\Database\Query\Builder->Illuminate\Database\Query\{closure}()
#5 D:\xampp\htdocs\phpc\bulk-upload\vendor\laravel\framework\src\Illuminate\Database\Query\Builder.php(2119): Illuminate\Database\Query\Builder->onceWithColumns(Array, Object(Closure))
#6 D:\xampp\htdocs\phpc\bulk-upload\app\Console\Commands\RunAddStudentsToInstitutions.php(60): Illuminate\Database\Query\Builder->get()
#7 [internal function]: App\Console\Commands\RunAddStudentsToInstitutions->handle()
#8 D:\xampp\htdocs\phpc\bulk-upload\vendor\laravel\framework\src\Illuminate\Container\BoundMethod.php(32): call_user_func_array(Array, Array)
#9 D:\xampp\htdocs\phpc\bulk-upload\vendor\laravel\framework\src\Illuminate\Container\BoundMethod.php(90): Illuminate\Container\BoundMethod::Illuminate\Container\{closure}()
#10 D:\xampp\htdocs\phpc\bulk-upload\vendor\laravel\framework\src\Illuminate\Container\BoundMethod.php(34): Illuminate\Container\BoundMethod::callBoundMethod(Object(Illuminate\Foundation\Application), Array, Object(Closure))
#11 D:\xampp\htdocs\phpc\bulk-upload\vendor\laravel\framework\src\Illuminate\Container\Container.php(576): Illuminate\Container\BoundMethod::call(Object(Illuminate\Foundation\Application), Array, Array, NULL)
#12 D:\xampp\htdocs\phpc\bulk-upload\vendor\laravel\framework\src\Illuminate\Console\Command.php(183): Illuminate\Container\Container->call(Array)
#13 D:\xampp\htdocs\phpc\bulk-upload\vendor\symfony\console\Command\Command.php(255): Illuminate\Console\Command->execute(Object(Symfony\Component\Console\Input\ArgvInput), Object(Illuminate\Console\OutputStyle))
#14 D:\xampp\htdocs\phpc\bulk-upload\vendor\laravel\framework\src\Illuminate\Console\Command.php(170): Symfony\Component\Console\Command\Command->run(Object(Symfony\Component\Console\Input\ArgvInput), Object(Illuminate\Console\OutputStyle))
#15 D:\xampp\htdocs\phpc\bulk-upload\vendor\symfony\console\Application.php(1009): Illuminate\Console\Command->run(Object(Symfony\Component\Console\Input\ArgvInput), Object(Symfony\Component\Console\Output\ConsoleOutput))
#16 D:\xampp\htdocs\phpc\bulk-upload\vendor\symfony\console\Application.php(273): Symfony\Component\Console\Application->doRunCommand(Object(App\Console\Commands\RunAddStudentsToInstitutions), Object(Symfony\Component\Console\Input\ArgvInput), Object(Symfony\Component\Console\Output\ConsoleOutput))
#17 D:\xampp\htdocs\phpc\bulk-upload\vendor\symfony\console\Application.php(149): Symfony\Component\Console\Application->doRun(Object(Symfony\Component\Console\Input\ArgvInput), Object(Symfony\Component\Console\Output\ConsoleOutput))
#18 D:\xampp\htdocs\phpc\bulk-upload\vendor\laravel\framework\src\Illuminate\Console\Application.php(90): Symfony\Component\Console\Application->run(Object(Symfony\Component\Console\Input\ArgvInput), Object(Symfony\Component\Console\Output\ConsoleOutput))
#19 D:\xampp\htdocs\phpc\bulk-upload\vendor\laravel\framework\src\Illuminate\Foundation\Console\Kernel.php(133): Illuminate\Console\Application->run(Object(Symfony\Component\Console\Input\ArgvInput), Object(Symfony\Component\Console\Output\ConsoleOutput))
#20 D:\xampp\htdocs\phpc\bulk-upload\artisan(37): Illuminate\Foundation\Console\Kernel->handle(Object(Symfony\Component\Console\Input\ArgvInput), Object(Symfony\Component\Console\Output\ConsoleOutput))
#21 {main}  
